<?xml version="1.0" encoding="UTF-8"?>
<testsuite name="Create knowledge" tests="1" skipped="0" failures="0" errors="0" timestamp="2021-04-21T21:02:07" hostname="DESKTOP-6DBS85G" time="52.992">
  <properties/>
  <testcase name="Create knowledge successfully" classname="Create knowledge" time="52.992"/>
  <system-out><![CDATA[stop
]]></system-out>
  <system-err><![CDATA[abr 21, 2021 4:02:09 PM org.openqa.selenium.remote.DesiredCapabilities chrome
INFORMACIÓN: Using `new ChromeOptions()` is preferred to `DesiredCapabilities.chrome()`
5429 [Test worker] INFO net.serenitybdd.core.webdriver.driverproviders.ProvideNewDriver - Instantiating driver
5439 [Test worker] INFO net.serenitybdd.core.webdriver.driverproviders.ProvideNewDriver - Driver capabilities: Capabilities {acceptInsecureCerts: false, browserName: chrome, chrome.switches: test-type,--no-first-run,--..., goog:chromeOptions: {args: [--test-type, --no-first-run, --start-maximized, --disable-web-security, --allow-running-insecure-co..., --disable-extensions, --no-sandbox, --enable-automation, --test-type], extensions: []}, loggingPrefs: org.openqa.selenium.logging..., platform: ANY, version: }
Starting ChromeDriver 90.0.4430.24 (4c6d850f087da467d926e8eddb76550aed655991-refs/branch-heads/4430@{#429}) on port 22588
Only local connections are allowed.
Please see https://chromedriver.chromium.org/security-considerations for suggestions on keeping ChromeDriver safe.
ChromeDriver was started successfully.
abr 21, 2021 4:02:13 PM org.openqa.selenium.remote.ProtocolHandshake createSession
INFORMACIÓN: Detected dialect: W3C
56142 [Test worker] INFO net.thucydides.core.steps.ConsoleLoggingListener - 
        __    _____ _____ ____ _____   ____   _    ____  ____  _____ ____  
  _     \ \  |_   _| ____/ ___|_   _| |  _ \ / \  / ___|/ ___|| ____|  _ \ 
 (_)_____| |   | | |  _| \___ \ | |   | |_) / _ \ \___ \\___ \|  _| | | | |
  _|_____| |   | | | |___ ___) || |   |  __/ ___ \ ___) |___) | |___| |_| |
 (_)     | |   |_| |_____|____/ |_|   |_| /_/   \_\____/|____/|_____|____/ 
        /_/                                                                

TEST PASSED: Create knowledge successfully
----------------------------------------------------------------------------
]]></system-err>
</testsuite>
